[2016-03-12 00:50:11] START
[2016-03-12 00:50:56] CREATE db1.py: 0
[2016-03-12 00:52:00] EDIT assignment2/models/db1.py: 1
[2016-03-12 00:52:49] EDIT assignment2/models/db1.py: 0
[2016-03-12 01:01:48] EDIT assignment2/models/db1.py: 0
[2016-03-12 01:02:17] EDIT assignment2/models/db1.py: 0
[2016-03-12 01:02:53] EDIT assignment2/models/db1.py: 0
[2016-03-12 01:10:08] EDIT assignment2/models/db1.py: 11
[2016-03-12 01:10:33] EDIT assignment2/models/db1.py: 0
[2016-03-12 01:11:09] EDIT assignment2/models/db1.py: 0
[2016-03-12 01:12:16] EDIT assignment2/models/db1.py: 0
[2016-03-12 01:18:07] EDIT assignment2/models/db1.py: 13
[2016-03-12 01:19:35] EDIT assignment2/models/db1.py: 0
[2016-03-12 01:21:39] EDIT assignment2/models/db1.py: -3
[2016-03-12 01:21:41] EDIT assignment2/models/db1.py: 0
[2016-03-12 01:21:43] EDIT assignment2/models/db1.py: 0
[2016-03-12 01:30:49] EDIT assignment2/models/db1.py: 8
[2016-03-12 01:43:34] EDIT assignment2/models/db1.py: 0
[2016-03-12 01:46:59] EDIT assignment2/views/__init__.py: 18
[2016-03-12 01:50:02] CREATE controller.py: 0
[2016-03-12 01:50:39] EDIT assignment2/controllers/controller.py: 17
[2016-03-12 01:52:54] EDIT assignment2/controllers/controller.py: -6
[2016-03-12 01:53:28] EDIT assignment2/controllers/default.py: -35
[2016-03-12 01:55:02] CREATE complaints.py: 0
[2016-03-12 01:55:19] EDIT assignment2/controllers/complaints.py: 11
[2016-03-12 01:55:34] DELETE assignment2/controllers/controller.py: -12
[2016-03-12 02:01:47] EDIT assignment2/controllers/complaints.py: 0
[2016-03-12 02:13:31] EDIT assignment2/controllers/default.py: 0
[2016-03-12 02:14:01] EDIT assignment2/controllers/default.py: 0
[2016-03-12 02:14:53] EDIT assignment2/controllers/default.py: 0
[2016-03-12 02:17:03] EDIT assignment2/controllers/complaints.py: 0
[2016-03-12 02:17:04] EDIT assignment2/controllers/complaints.py: 0
[2016-03-12 02:17:16] EDIT assignment2/controllers/complaints.py: 0
[2016-03-12 02:26:23] EDIT assignment2/controllers/default.py: 2
[2016-03-12 02:26:44] EDIT assignment2/controllers/default.py: 0
[2016-03-12 02:28:02] EDIT assignment2/controllers/default.py: 0
[2016-03-12 02:29:34] EDIT assignment2/controllers/complaints.py: 4
[2016-03-12 02:30:08] EDIT assignment2/controllers/complaints.py: 4
[2016-03-12 02:30:09] EDIT assignment2/controllers/complaints.py: 0
[2016-03-12 02:30:09] EDIT assignment2/controllers/complaints.py: 0
[2016-03-12 02:30:09] EDIT assignment2/controllers/complaints.py: 0
[2016-03-12 02:30:29] EDIT assignment2/controllers/complaints.py: 2
[2016-03-12 02:30:30] EDIT assignment2/controllers/complaints.py: 0
[2016-03-12 02:30:30] EDIT assignment2/controllers/complaints.py: 0
[2016-03-12 02:30:34] EDIT assignment2/controllers/complaints.py: 0
[2016-03-12 02:53:27] CREATE default/login.json: 0
[2016-03-12 02:53:42] CREATE default/logout.json: 0
[2016-03-12 02:53:55] CREATE default/notifications.json: 0
[2016-03-12 02:54:41] EDIT assignment2/views/default/login.json: 1
[2016-03-12 02:54:51] EDIT assignment2/views/default/login.json: -1
[2016-03-12 02:59:21] EDIT assignment2/views/default/login.json: 1
[2016-03-12 03:01:48] DELETE assignment2/views/default/login.json: -2
[2016-03-12 03:02:00] DELETE assignment2/views/default/logout.json: -1
[2016-03-12 03:02:09] DELETE assignment2/views/default/notifications.json: -1
[2016-03-12 03:04:38] EDIT assignment2/controllers/default.py: 2
[2016-03-12 03:05:47] EDIT assignment2/controllers/default.py: -2
[2016-03-12 03:06:04] EDIT assignment2/controllers/default.py: 0
[2016-03-12 03:06:52] EDIT assignment2/controllers/complaints.py: 0
[2016-03-12 03:13:57] EDIT assignment2/controllers/complaints.py: -1
[2016-03-12 03:15:12] EDIT assignment2/controllers/complaints.py: -1
[2016-03-12 03:15:13] EDIT assignment2/controllers/complaints.py: 0
[2016-03-12 03:15:13] EDIT assignment2/controllers/complaints.py: 0
[2016-03-12 03:15:19] EDIT assignment2/controllers/complaints.py: 0
[2016-03-12 03:21:45] EDIT assignment2/controllers/complaints.py: 0
[2016-03-12 03:22:35] EDIT assignment2/models/db1.py: 0
[2016-03-12 03:22:44] EDIT assignment2/controllers/complaints.py: 0
[2016-03-12 03:30:52] EDIT assignment2/controllers/complaints.py: 0
[2016-03-12 03:30:53] EDIT assignment2/controllers/complaints.py: 0
[2016-03-12 03:36:50] EDIT assignment2/controllers/complaints.py: 0
[2016-03-12 03:43:47] EDIT assignment2/controllers/complaints.py: 0
[2016-03-12 03:45:03] EDIT assignment2/controllers/complaints.py: 0
[2016-03-12 03:56:39] EDIT assignment2/controllers/complaints.py: 1
[2016-03-12 03:56:39] EDIT assignment2/controllers/complaints.py: 0
[2016-03-12 03:56:41] EDIT assignment2/controllers/complaints.py: 0
[2016-03-12 03:58:54] EDIT assignment2/controllers/complaints.py: 0
[2016-03-12 04:01:46] EDIT assignment2/controllers/complaints.py: 0
[2016-03-13 18:22:16] EDIT assignment2/models/db1.py: -1
[2016-03-13 18:43:49] EDIT assignment2/controllers/default.py: 1
[2016-03-13 18:44:38] EDIT assignment2/controllers/default.py: 0
[2016-03-13 18:48:58] EDIT assignment2/controllers/default.py: 0
[2016-03-13 18:51:53] EDIT assignment2/controllers/default.py: 0
[2016-03-13 18:57:02] EDIT assignment2/controllers/default.py: 0
[2016-03-13 18:57:53] EDIT assignment2/controllers/default.py: 0
[2016-03-13 18:58:13] EDIT assignment2/controllers/default.py: 0
[2016-03-13 18:58:35] EDIT assignment2/controllers/default.py: 0
[2016-03-13 18:59:51] EDIT assignment2/controllers/default.py: 0
[2016-03-13 19:01:51] EDIT assignment2/controllers/default.py: 0
[2016-03-13 19:01:52] EDIT assignment2/controllers/default.py: 0
[2016-03-13 20:36:32] EDIT assignment2/models/db.py: 29
[2016-03-13 20:36:34] EDIT assignment2/models/db.py: 0
[2016-03-13 20:36:49] DELETE assignment2/models/db1.py: -29
[2016-03-13 23:28:44] EDIT assignment2/controllers/default.py: 17
[2016-03-13 23:30:23] EDIT assignment2/controllers/default.py: 0
[2016-03-13 23:33:43] EDIT assignment2/controllers/default.py: 17
[2016-03-13 23:33:44] EDIT assignment2/controllers/default.py: 0
[2016-03-13 23:33:55] EDIT assignment2/controllers/default.py: 0
[2016-03-13 23:56:00] EDIT assignment2/models/db.py: 8
[2016-03-13 23:56:37] EDIT assignment2/models/db.py: -8
[2016-03-14 00:07:14] EDIT assignment2/controllers/default.py: -6
[2016-03-14 00:07:54] EDIT assignment2/controllers/default.py: 0
[2016-03-14 00:10:25] EDIT assignment2/controllers/default.py: 0
[2016-03-14 00:10:27] EDIT assignment2/controllers/default.py: 0
[2016-03-14 00:10:31] EDIT assignment2/controllers/default.py: 0
[2016-03-14 00:10:31] EDIT assignment2/controllers/default.py: 0
[2016-03-14 00:10:31] EDIT assignment2/controllers/default.py: 0
[2016-03-14 00:10:32] EDIT assignment2/controllers/default.py: 0
[2016-03-14 00:10:32] EDIT assignment2/controllers/default.py: 0
[2016-03-14 00:10:32] EDIT assignment2/controllers/default.py: 0
[2016-03-24 20:11:59] CREATE defaut/login.html: 0
[2016-03-24 20:12:55] EDIT assignment2/views/defaut/login.html: 49
[2016-03-24 20:16:35] EDIT assignment2/models/db.py: -1
[2016-03-24 20:19:36] EDIT assignment2/views/generic.json: 8
[2016-03-24 20:19:54] EDIT assignment2/views/generic.xml: 8
[2016-03-24 20:20:32] EDIT assignment2/views/generic.json: 0
[2016-03-24 20:21:37] EDIT assignment2/views/generic.json: -1
[2016-03-24 20:21:41] EDIT assignment2/views/generic.xml: -1
[2016-03-24 20:27:58] EDIT assignment2/models/db.py: 0
[2016-03-24 20:27:58] EDIT assignment2/models/db.py: 0
[2016-03-24 20:28:16] EDIT assignment2/models/db.py: 0
[2016-03-24 20:31:07] DELETE assignment2/views/defaut/login.html: -52
[2016-03-24 20:33:00] EDIT assignment2/controllers/default.py: 0
[2016-03-24 21:06:50] EDIT assignment2/views/generic.json: -1
[2016-03-24 21:07:21] EDIT assignment2/views/generic.json: 0
[2016-03-24 22:23:45] EDIT assignment2/models/db.py: 2
[2016-03-24 22:40:47] EDIT assignment2/controllers/default.py: 56
[2016-03-24 22:40:48] EDIT assignment2/controllers/default.py: 0
[2016-03-24 22:41:28] EDIT assignment2/controllers/default.py: 0
[2016-03-24 22:46:18] EDIT assignment2/controllers/default.py: 6
[2016-03-24 22:46:20] EDIT assignment2/controllers/default.py: 0
[2016-03-24 22:46:21] EDIT assignment2/controllers/default.py: 0
[2016-03-24 22:47:11] EDIT assignment2/controllers/default.py: 0
[2016-03-24 22:48:54] EDIT assignment2/controllers/default.py: 0
[2016-03-24 22:49:28] EDIT assignment2/controllers/default.py: 0
[2016-03-24 22:50:15] EDIT assignment2/controllers/default.py: 0
[2016-03-24 22:50:44] EDIT assignment2/controllers/default.py: 0
[2016-03-24 22:51:45] EDIT assignment2/controllers/default.py: 0
[2016-03-24 22:52:40] EDIT assignment2/controllers/default.py: 0
[2016-03-24 22:53:14] EDIT assignment2/controllers/default.py: 0
[2016-03-24 22:53:55] EDIT assignment2/controllers/default.py: 0
[2016-03-24 22:54:02] EDIT assignment2/controllers/default.py: 0
[2016-03-24 22:54:07] EDIT assignment2/controllers/default.py: 0
[2016-03-24 22:54:09] EDIT assignment2/controllers/default.py: 0
[2016-03-24 22:54:11] EDIT assignment2/controllers/default.py: 0
[2016-03-24 22:54:13] EDIT assignment2/controllers/default.py: 0
[2016-03-24 23:01:01] EDIT assignment2/controllers/default.py: 0
[2016-03-24 23:03:46] EDIT assignment2/models/db.py: -1
[2016-03-24 23:04:42] EDIT assignment2/models/db.py: 0
[2016-03-24 23:08:00] EDIT assignment2/models/db.py: 0
[2016-03-24 23:16:13] EDIT assignment2/controllers/complaints.py: 4
[2016-03-24 23:39:05] EDIT assignment2/controllers/complaints.py: -4
[2016-03-24 23:43:18] EDIT assignment2/models/db.py: 10
[2016-03-24 23:50:50] EDIT assignment2/controllers/default.py: -67
[2016-03-24 23:51:10] EDIT assignment2/controllers/default.py: 0
[2016-03-24 23:51:40] EDIT assignment2/controllers/default.py: 0
[2016-03-24 23:52:09] EDIT assignment2/controllers/default.py: 0
[2016-03-24 23:54:13] EDIT assignment2/models/db.py: 0
[2016-03-24 23:56:01] EDIT assignment2/models/db.py: -1
[2016-03-24 23:56:38] EDIT assignment2/controllers/default.py: 0
[2016-03-24 23:57:49] EDIT assignment2/controllers/default.py: 0
[2016-03-24 23:58:28] EDIT assignment2/controllers/default.py: 0
[2016-03-24 23:59:20] EDIT assignment2/controllers/default.py: -6
[2016-03-25 00:02:05] EDIT assignment2/models/db.py: 0
[2016-03-25 00:04:05] EDIT assignment2/controllers/default.py: 1
[2016-03-25 00:04:42] EDIT assignment2/controllers/default.py: 0
[2016-03-25 00:04:59] EDIT assignment2/controllers/default.py: 0
[2016-03-25 00:06:19] EDIT assignment2/models/db.py: 1
[2016-03-25 00:09:45] EDIT assignment2/models/db.py: -7
[2016-03-25 00:12:57] EDIT assignment2/controllers/default.py: 5
[2016-03-25 00:14:31] EDIT assignment2/controllers/default.py: -1
[2016-03-25 00:20:02] EDIT assignment2/controllers/default.py: 1
[2016-03-25 00:22:56] EDIT assignment2/models/db.py: 0
[2016-03-25 00:22:59] EDIT assignment2/controllers/default.py: -1
[2016-03-25 00:24:39] EDIT assignment2/controllers/default.py: 0
[2016-03-25 00:36:24] EDIT assignment2/models/db.py: 0
[2016-03-25 00:36:49] EDIT assignment2/controllers/default.py: 0
[2016-03-25 00:37:45] EDIT assignment2/controllers/default.py: 0
[2016-03-25 00:40:55] EDIT assignment2/models/db.py: 0
[2016-03-25 00:41:23] EDIT assignment2/models/db.py: 0
[2016-03-25 00:41:53] EDIT assignment2/controllers/default.py: 0
[2016-03-25 12:23:51] EDIT assignment2/controllers/complaints.py: 0
[2016-03-25 12:26:40] EDIT assignment2/controllers/complaints.py: 0
[2016-03-25 12:26:52] EDIT assignment2/controllers/complaints.py: 0
[2016-03-25 12:27:17] EDIT assignment2/controllers/complaints.py: 0
[2016-03-25 13:47:21] EDIT assignment2/models/db.py: 0
[2016-03-25 13:49:51] EDIT assignment2/controllers/default.py: 0
[2016-03-25 13:49:56] EDIT assignment2/models/db.py: 0
[2016-03-25 13:50:43] EDIT assignment2/models/db.py: 0
[2016-03-25 13:51:14] EDIT assignment2/models/db.py: 0
[2016-03-25 13:51:41] EDIT assignment2/models/db.py: 0
[2016-03-25 13:52:35] EDIT assignment2/models/db.py: 0
[2016-03-25 13:53:11] EDIT assignment2/models/db.py: 0
[2016-03-25 13:55:16] EDIT assignment2/models/db.py: 0
[2016-03-25 13:56:07] EDIT assignment2/controllers/default.py: 0
[2016-03-25 13:56:52] EDIT assignment2/controllers/default.py: 0
[2016-03-25 13:57:26] EDIT assignment2/controllers/default.py: 0
[2016-03-25 13:57:50] EDIT assignment2/models/db.py: 0
[2016-03-25 13:59:33] EDIT assignment2/models/db.py: 0
[2016-03-25 14:01:39] EDIT assignment2/controllers/default.py: 0
[2016-03-25 14:02:01] EDIT assignment2/models/db.py: 0
[2016-03-25 14:02:09] EDIT assignment2/controllers/default.py: 0
[2016-03-25 14:08:06] EDIT assignment2/controllers/complaints.py: 0
[2016-03-25 14:10:10] EDIT assignment2/controllers/complaints.py: 0
[2016-03-25 14:14:28] EDIT assignment2/controllers/complaints.py: 0
[2016-03-25 14:17:40] EDIT assignment2/controllers/complaints.py: 0
[2016-03-25 14:21:06] EDIT assignment2/controllers/complaints.py: 0
[2016-03-25 14:23:37] EDIT assignment2/controllers/complaints.py: 0
[2016-03-25 14:24:29] EDIT assignment2/controllers/complaints.py: 0
[2016-03-25 14:29:20] EDIT assignment2/controllers/complaints.py: 0
[2016-03-25 14:31:41] EDIT assignment2/controllers/complaints.py: 0
[2016-03-25 14:36:30] EDIT assignment2/controllers/complaints.py: 2
[2016-03-25 14:36:53] EDIT assignment2/controllers/complaints.py: 0
[2016-03-25 14:41:48] EDIT assignment2/controllers/complaints.py: 2
[2016-03-25 14:42:20] EDIT assignment2/controllers/complaints.py: 0
[2016-03-25 14:42:53] EDIT assignment2/controllers/complaints.py: 1
[2016-03-25 14:44:57] EDIT assignment2/controllers/complaints.py: 0
[2016-03-25 14:46:07] EDIT assignment2/controllers/complaints.py: 0
[2016-03-25 14:50:23] EDIT assignment2/controllers/complaints.py: 0
[2016-03-25 14:52:54] EDIT assignment2/controllers/complaints.py: 1
[2016-03-25 14:53:00] EDIT assignment2/controllers/complaints.py: 0
[2016-03-25 14:53:04] EDIT assignment2/controllers/complaints.py: 0
[2016-03-25 14:53:10] EDIT assignment2/controllers/complaints.py: 0
[2016-03-25 14:54:47] EDIT assignment2/controllers/complaints.py: -1
[2016-03-25 14:56:17] EDIT assignment2/controllers/complaints.py: 0
